<?xml version="1.0" encoding="UTF-8"?>
<!-- Generated by org.testng.reporters.JUnitReportReporter -->
<testsuite hostname="EPINCHEW0013" failures="0" tests="4" name="Model.Interview" time="0.027" errors="0" timestamp="2023-06-15T20:08:07 IST" skipped="0">
  <testcase classname="Model.Interview" name="duplicate" time="0.020"/>
  <system-out/>
  <testcase classname="Model.Interview" name="hello" time="0.003"/>
  <system-out/>
  <testcase classname="Model.Interview" name="removeDuplicate" time="0.000"/>
  <system-out/>
  <testcase classname="Model.Interview" name="occurence" time="0.004"/>
  <system-out/>
</testsuite> <!-- Model.Interview -->
