<?xml version="1.0" encoding="UTF-8"?>
<!-- Generated by org.testng.reporters.JUnitReportReporter -->
<testsuite hostname="DESKTOP-U53HVB8" failures="0" tests="1" name="ApiHomeTask.Task2" time="3.469" errors="0" timestamp="2023-03-08T16:07:50 IST" skipped="0">
  <testcase classname="ApiHomeTask.Task2" name="verifyUserExistence" time="3.469"/>
  <system-out/>
</testsuite> <!-- ApiHomeTask.Task2 -->
