<?xml version="1.0" encoding="UTF-8"?>
<!-- Generated by org.testng.reporters.JUnitReportReporter -->
<testsuite hostname="EPINCHEW0013" failures="0" tests="1" name="restTests.UpdatePlace" time="1.221" errors="0" timestamp="2023-03-22T13:53:27 IST" skipped="0">
  <testcase classname="restTests.UpdatePlace" name="updatePlace" time="1.221"/>
  <system-out/>
</testsuite> <!-- restTests.UpdatePlace -->
