<?xml version="1.0" encoding="UTF-8"?>
<!-- Generated by org.testng.reporters.JUnitReportReporter -->
<testsuite hostname="DESKTOP-U53HVB8" failures="0" tests="2" name="ApiAuthTests.BasicAuthExample" time="5.575" errors="0" timestamp="2023-03-07T14:09:54 IST" skipped="0">
  <testcase classname="ApiAuthTests.BasicAuthExample" name="baseAuthTest" time="3.965"/>
  <system-out/>
  <testcase classname="ApiAuthTests.BasicAuthExample" name="baseAuthTest1" time="1.610"/>
  <system-out/>
</testsuite> <!-- ApiAuthTests.BasicAuthExample -->
