<?xml version="1.0" encoding="UTF-8"?>
<!-- Generated by org.testng.reporters.JUnitReportReporter -->
<testsuite hostname="DESKTOP-U53HVB8" failures="0" tests="1" name="ApiHomeTask2.PostsResource" time="5.114" errors="0" timestamp="2023-03-08T19:46:26 IST" skipped="0">
  <testcase classname="ApiHomeTask2.PostsResource" name="getPosts" time="5.114"/>
  <system-out/>
</testsuite> <!-- ApiHomeTask2.PostsResource -->
