<?xml version="1.0" encoding="UTF-8"?>
<!-- Generated by org.testng.reporters.JUnitReportReporter -->
<testsuite hostname="EPINCHEW0013" failures="0" tests="6" name="ApiHomeTask1.Task2" time="5.526" errors="0" timestamp="2023-03-21T10:45:09 IST" skipped="0">
  <testcase classname="ApiHomeTask1.Task2" name="verifyUserExistenceWithObjectMapper" time="0.205"/>
  <system-out/>
  <testcase classname="ApiHomeTask1.Task2" name="verifyUserExistenceWithObjectMapperMap" time="0.202"/>
  <system-out/>
  <testcase classname="ApiHomeTask1.Task2" name="verifyUserExistenceWithObjectMapperList" time="0.866"/>
  <system-out/>
  <testcase classname="ApiHomeTask1.Task2" name="verifyUserExistence" time="0.340"/>
  <system-out/>
  <testcase classname="ApiHomeTask1.Task2" name="getUsers" time="2.743"/>
  <system-out/>
  <testcase classname="ApiHomeTask1.Task2" name="verifyUserExistenceWithJava8" time="1.170"/>
  <system-out/>
</testsuite> <!-- ApiHomeTask1.Task2 -->
