<?xml version="1.0" encoding="UTF-8"?>
<!-- Generated by org.testng.reporters.JUnitReportReporter -->
<testsuite hostname="EPINCHEW0013" failures="0" tests="1" name="ApiHomeTasks3.WeatherMap" time="2.404" errors="0" timestamp="2023-03-14T19:48:10 IST" skipped="0">
  <testcase classname="ApiHomeTasks3.WeatherMap" name="getUsers" time="2.404"/>
  <system-out/>
</testsuite> <!-- ApiHomeTasks3.WeatherMap -->
