<?xml version="1.0" encoding="UTF-8"?>
<!-- Generated by org.testng.reporters.JUnitReportReporter -->
<testsuite hostname="EPINCHEW0013" failures="0" tests="2" name="restTests.AddPlaceWithDeSerialization" time="2.790" errors="0" timestamp="2023-03-17T19:19:50 IST" skipped="0">
  <testcase classname="restTests.AddPlaceWithDeSerialization" name="addPlace" time="0.244"/>
  <system-out/>
  <testcase classname="restTests.AddPlaceWithDeSerialization" name="addPlace" time="2.546"/>
  <system-out/>
</testsuite> <!-- restTests.AddPlaceWithDeSerialization -->
