<?xml version="1.0" encoding="UTF-8"?>
<!-- Generated by org.testng.reporters.JUnitReportReporter -->
<testsuite hostname="DESKTOP-U53HVB8" failures="0" tests="1" name="PetStoreTests.AddPet" time="5.850" errors="0" timestamp="2023-03-08T14:39:13 IST" skipped="0">
  <testcase classname="PetStoreTests.AddPet" name="addPet" time="5.850"/>
  <system-out/>
</testsuite> <!-- PetStoreTests.AddPet -->
