<?xml version="1.0" encoding="UTF-8"?>
<!-- Generated by org.testng.reporters.JUnitReportReporter -->
<testsuite hostname="EPINCHEW0013" failures="0" tests="1" name="restTests.AddPlace" time="2.385" errors="0" timestamp="2023-03-22T13:53:28 IST" skipped="0">
  <testcase classname="restTests.AddPlace" name="addPlace" time="2.385"/>
  <system-out/>
</testsuite> <!-- restTests.AddPlace -->
