<?xml version="1.0" encoding="UTF-8"?>
<!-- Generated by org.testng.reporters.JUnitReportReporter -->
<testsuite hostname="DESKTOP-U53HVB8" failures="0" tests="1" name="ApiAuthTests.ApiKeyAuth" time="3.530" errors="0" timestamp="2023-03-07T14:42:21 IST" skipped="0">
  <testcase classname="ApiAuthTests.ApiKeyAuth" name="baseAuthTest" time="3.530"/>
  <system-out/>
</testsuite> <!-- ApiAuthTests.ApiKeyAuth -->
