<?xml version="1.0" encoding="UTF-8"?>
<!-- Generated by org.testng.reporters.JUnitReportReporter -->
<testsuite hostname="EPINCHEW0013" failures="0" tests="1" name="restTests.DeletePlace" time="1.057" errors="0" timestamp="2023-03-22T13:53:27 IST" skipped="0">
  <testcase classname="restTests.DeletePlace" name="deletePlace" time="1.057"/>
  <system-out/>
</testsuite> <!-- restTests.DeletePlace -->
