<?xml version="1.0" encoding="UTF-8"?>
<!-- Generated by org.testng.reporters.JUnitReportReporter -->
<testsuite hostname="EPINCHEW0013" failures="0" tests="1" name="restTests.GetPlace" time="0.932" errors="0" timestamp="2023-03-22T13:53:28 IST" skipped="0">
  <testcase classname="restTests.GetPlace" name="verifyAddress" time="0.932"/>
  <system-out/>
</testsuite> <!-- restTests.GetPlace -->
