<?xml version="1.0" encoding="UTF-8"?>
<!-- Generated by org.testng.reporters.JUnitReportReporter -->
<testsuite hostname="EPINCHEW0013" failures="0" tests="1" name="restTests.Interview" time="0.012" errors="0" timestamp="2023-03-15T15:27:23 IST" skipped="0">
  <testcase classname="restTests.Interview" name="removeDuplicate" time="0.012"/>
  <system-out/>
</testsuite> <!-- restTests.Interview -->
